<?xml version="1.0" encoding="UTF-8"?>
<testng-results ignored="0" total="1" passed="1" failed="0" skipped="0">
  <reporter-output>
  </reporter-output>
  <suite started-at="2026-02-19T14:32:47 IST" name="Suite" finished-at="2026-02-19T14:32:55 IST" duration-ms="7198">
    <groups>
      <group name="Master">
        <method signature="TC_001_AccountRegistration.test_Account_Reg()[pri:0, instance:testCases.TC_001_AccountRegistration@6f03482]" name="test_Account_Reg" class="testCases.TC_001_AccountRegistration"/>
      </group> <!-- Master -->
      <group name="Regression">
        <method signature="TC_001_AccountRegistration.test_Account_Reg()[pri:0, instance:testCases.TC_001_AccountRegistration@6f03482]" name="test_Account_Reg" class="testCases.TC_001_AccountRegistration"/>
      </group> <!-- Regression -->
    </groups>
    <test started-at="2026-02-19T14:32:47 IST" name="Test" finished-at="2026-02-19T14:32:55 IST" duration-ms="7198">
      <class name="testCases.TC_001_AccountRegistration">
        <test-method is-config="true" signature="setup()[pri:0, instance:testCases.TC_001_AccountRegistration@6f03482]" started-at="2026-02-19T14:32:48 IST" name="setup" finished-at="2026-02-19T14:32:53 IST" duration-ms="4994" status="PASS">
          <reporter-output>
          </reporter-output>
        </test-method> <!-- setup -->
        <test-method signature="test_Account_Reg()[pri:0, instance:testCases.TC_001_AccountRegistration@6f03482]" started-at="2026-02-19T14:32:53 IST" name="test_Account_Reg" finished-at="2026-02-19T14:32:54 IST" duration-ms="1797" status="PASS">
          <reporter-output>
          </reporter-output>
        </test-method> <!-- test_Account_Reg -->
        <test-method is-config="true" signature="tearDown()[pri:0, instance:testCases.TC_001_AccountRegistration@6f03482]" started-at="2026-02-19T14:32:54 IST" name="tearDown" finished-at="2026-02-19T14:32:55 IST" duration-ms="126" status="PASS">
          <reporter-output>
          </reporter-output>
        </test-method> <!-- tearDown -->
      </class> <!-- testCases.TC_001_AccountRegistration -->
    </test> <!-- Test -->
  </suite> <!-- Suite -->
</testng-results>
